<?xml version="1.0" encoding="UTF-8"?>
<!-- Generated by org.testng.reporters.JUnitXMLReporter -->
<testsuite hostname="ASDW0135" name="Default test" tests="6" failures="0" timestamp="5 Sep 2018 13:14:47 GMT" time="16.247" errors="0">
  <testcase name="testClickOnAdvCourse" time="0.231" classname="com.qait.sakurai.automation.tests.TatocAdv_Test"/>
  <testcase name="testMoveToMenu2AndGoNext" time="0.282" classname="com.qait.sakurai.automation.tests.TatocAdv_Test"/>
  <testcase name="testfetchCredentialsEnterAndProceed" time="2.989" classname="com.qait.sakurai.automation.tests.TatocAdv_Test"/>
  <testcase name="testSkipThePlayerPage" time="0.301" classname="com.qait.sakurai.automation.tests.TatocAdv_Test"/>
  <testcase name="testGetSessionAndPostSignature" time="0.742" classname="com.qait.sakurai.automation.tests.TatocAdv_Test"/>
  <testcase name="testDownloadFileAndInputSign" time="3.538" classname="com.qait.sakurai.automation.tests.TatocAdv_Test"/>
</testsuite> <!-- Default test -->
