<?xml version="1.0" encoding="UTF-8"?>
<!-- Generated by org.testng.reporters.JUnitXMLReporter -->
<testsuite hostname="ASDW0135" name="Default test" tests="6" failures="0" timestamp="7 Sep 2018 10:28:44 GMT" time="10.513" errors="0">
  <testcase name="Test1_testClickOnAdvCourse" time="0.267" classname="com.qait.sakurai.automation.tests.TatocAdv_Test"/>
  <testcase name="Test2_testMoveToMenu2AndGoNext" time="0.26" classname="com.qait.sakurai.automation.tests.TatocAdv_Test"/>
  <testcase name="Test3_testfetchCredentialsEnterAndProceed" time="1.326" classname="com.qait.sakurai.automation.tests.TatocAdv_Test"/>
  <testcase name="Test4_testSkipThePlayerPage" time="0.216" classname="com.qait.sakurai.automation.tests.TatocAdv_Test"/>
  <testcase name="Test5_testGetSessionAndPostSignature" time="0.72" classname="com.qait.sakurai.automation.tests.TatocAdv_Test"/>
  <testcase name="Test6_testDownloadFileAndInputSign" time="0.963" classname="com.qait.sakurai.automation.tests.TatocAdv_Test"/>
</testsuite> <!-- Default test -->
