<?xml version="1.0" encoding="UTF-8"?>
<!-- Generated by org.testng.reporters.JUnitXMLReporter -->
<testsuite hostname="ASDW0135" name="Command line test" tests="1" failures="1" timestamp="5 Sep 2018 13:20:41 GMT" time="0.132" errors="0">
  <testcase name="sendResultsMail" time="0.116" classname="com.qait.automation.report.ResultsIT">
    <failure type="java.lang.NullPointerException">
      <![CDATA[java.lang.NullPointerException
	at com.qait.automation.utils.YamlReader.parseMap(YamlReader.java:107)
	at com.qait.automation.utils.YamlReader.parseMap(YamlReader.java:107)
	at com.qait.automation.utils.YamlReader.getYamlValues(YamlReader.java:86)
	at com.qait.automation.report.ResultsIT.setMailRecipient(ResultsIT.java:160)
	at com.qait.automation.report.ResultsIT.sendResultsMail(ResultsIT.java:70)
... Removed 33 stack frames]]>
    </failure>
  </testcase> <!-- sendResultsMail -->
</testsuite> <!-- Command line test -->
