<?xml version="1.0" encoding="UTF-8"?>
<!-- Generated by org.testng.reporters.JUnitXMLReporter -->
<testsuite hostname="ASDW0135" name="TestSuite" tests="6" failures="0" timestamp="7 Sep 2018 07:54:29 GMT" time="86.239" errors="0">
  <testcase name="testClickOnAdvCourse" time="0.41" classname="com.qait.sakurai.automation.tests.TatocAdv_Test"/>
  <testcase name="testMoveToMenu2AndGoNext" time="0.406" classname="com.qait.sakurai.automation.tests.TatocAdv_Test"/>
  <testcase name="testfetchCredentialsEnterAndProceed" time="1.588" classname="com.qait.sakurai.automation.tests.TatocAdv_Test"/>
  <testcase name="testSkipThePlayerPage" time="0.321" classname="com.qait.sakurai.automation.tests.TatocAdv_Test"/>
  <testcase name="testGetSessionAndPostSignature" time="0.763" classname="com.qait.sakurai.automation.tests.TatocAdv_Test"/>
  <testcase name="testDownloadFileAndInputSign" time="68.559" classname="com.qait.sakurai.automation.tests.TatocAdv_Test"/>
</testsuite> <!-- TestSuite -->
