<?xml version="1.0" encoding="UTF-8" ?>
<testsuite tests="6" failures="1" name="TestSuite" time="27.074" errors="0" skipped="0">
  <properties>
[...]
</properties>
  <testcase classname="com.qait.sakurai.automation.tests.TatocAdv_Test" name="testClickOnAdvCourse" time="0.301"/>
  <testcase classname="com.qait.sakurai.automation.tests.TatocAdv_Test" name="testMoveToMenu2AndGoNext" time="0.581"/>
  <testcase classname="com.qait.sakurai.automation.tests.TatocAdv_Test" name="testfetchCredentialsEnterAndProceed" time="14.49"/>
  <testcase classname="com.qait.sakurai.automation.tests.TatocAdv_Test" name="testSkipThePlayerPage" time="0.186"/>
  <testcase classname="com.qait.sakurai.automation.tests.TatocAdv_Test" name="testGetSessionAndPostSignature" time="0.738"/>
  <testcase classname="com.qait.sakurai.automation.tests.TatocAdv_Test" name="testDownloadFileAndInputSign" time="3.253">
    <failure message="unknown error: keys should be a string
  (Session info: chrome=68.0.3440.106)
  (Driver info: chromedriver=2.40.565498 (ea082db3280dd6843ebfb08a625e3eb905c4f5ab),platform=Windows NT 10.0.17134 x86_64) (WARNING: The server did not provide any stacktrace information)
Command duration or timeout: 37 milliseconds
Build info: version: &apos;2.52.0&apos;, revision: &apos;4c2593cfc3689a7fcd7be52549167e5ccc93ad28&apos;, time: &apos;2016-02-11 11:22:43&apos;
System info: host: &apos;ASDW0135&apos;, ip: &apos;10.0.24.20&apos;, os.name: &apos;Windows 10&apos;, os.arch: &apos;amd64&apos;, os.version: &apos;10.0&apos;, java.version: &apos;1.8.0_181&apos;
Driver info: org.openqa.selenium.chrome.ChromeDriver
Capabilities [{applicationCacheEnabled=false, rotatable=false, mobileEmulationEnabled=false, networkConnectionEnabled=false, chrome={chromedriverVersion=2.40.565498 (ea082db3280dd6843ebfb08a625e3eb905c4f5ab), userDataDir=C:\WINDOWS\TEMP\scoped_dir2760_7258}, takesHeapSnapshot=true, pageLoadStrategy=normal, databaseEnabled=false, handlesAlerts=true, hasTouchScreen=false, version=68.0.3440.106, platform=XP, browserConnectionEnabled=false, nativeEvents=true, acceptSslCerts=false, acceptInsecureCerts=false, locationContextEnabled=true, webStorageEnabled=true, browserName=chrome, takesScreenshot=true, javascriptEnabled=true, cssSelectorsEnabled=true, setWindowRect=true, unexpectedAlertBehaviour=}]
Session ID: 19b5296b615511911c859a430d67b641" type="org.openqa.selenium.WebDriverException">org.openqa.selenium.WebDriverException: unknown error: keys should be a string
  (Session info: chrome=68.0.3440.106)
  (Driver info: chromedriver=2.40.565498 (ea082db3280dd6843ebfb08a625e3eb905c4f5ab),platform=Windows NT 10.0.17134 x86_64) (WARNING: The server did not provide any stacktrace information)
Command duration or timeout: 37 milliseconds
Build info: version: &apos;2.52.0&apos;, revision: &apos;4c2593cfc3689a7fcd7be52549167e5ccc93ad28&apos;, time: &apos;2016-02-11 11:22:43&apos;
System info: host: &apos;ASDW0135&apos;, ip: &apos;10.0.24.20&apos;, os.name: &apos;Windows 10&apos;, os.arch: &apos;amd64&apos;, os.version: &apos;10.0&apos;, java.version: &apos;1.8.0_181&apos;
Driver info: org.openqa.selenium.chrome.ChromeDriver
Capabilities [{applicationCacheEnabled=false, rotatable=false, mobileEmulationEnabled=false, networkConnectionEnabled=false, chrome={chromedriverVersion=2.40.565498 (ea082db3280dd6843ebfb08a625e3eb905c4f5ab), userDataDir=C:\WINDOWS\TEMP\scoped_dir2760_7258}, takesHeapSnapshot=true, pageLoadStrategy=normal, databaseEnabled=false, handlesAlerts=true, hasTouchScreen=false, version=68.0.3440.106, platform=XP, browserConnectionEnabled=false, nativeEvents=true, acceptSslCerts=false, acceptInsecureCerts=false, locationContextEnabled=true, webStorageEnabled=true, browserName=chrome, takesScreenshot=true, javascriptEnabled=true, cssSelectorsEnabled=true, setWindowRect=true, unexpectedAlertBehaviour=}]
Session ID: 19b5296b615511911c859a430d67b641
	at sun.reflect.NativeConstructorAccessorImpl.newInstance0(Native Method)
	at sun.reflect.NativeConstructorAccessorImpl.newInstance(NativeConstructorAccessorImpl.java:62)
	at sun.reflect.DelegatingConstructorAccessorImpl.newInstance(DelegatingConstructorAccessorImpl.java:45)
	at java.lang.reflect.Constructor.newInstance(Constructor.java:423)
	at org.openqa.selenium.remote.ErrorHandler.createThrowable(ErrorHandler.java:206)
	at org.openqa.selenium.remote.ErrorHandler.throwIfResponseFailed(ErrorHandler.java:158)
	at org.openqa.selenium.remote.RemoteWebDriver.execute(RemoteWebDriver.java:678)
	at org.openqa.selenium.remote.RemoteWebElement.execute(RemoteWebElement.java:327)
	at org.openqa.selenium.remote.RemoteWebElement.sendKeys(RemoteWebElement.java:122)
	at com.qait.sakurai.automation.keywords.TatocAdvActions.readFiledataAndEnterSignature(TatocAdvActions.java:66)
	at com.qait.sakurai.automation.tests.TatocAdv_Test.testDownloadFileAndInputSign(TatocAdv_Test.java:39)
</failure>
    <system-out>**********************************************************
Running Test:TatocAdv_Test.testDownloadFileAndInputSign
**********************************************************
element expression: [[ChromeDriver: chrome on XP (19b5296b615511911c859a430d67b641)] -&gt; xpath: //a[contains(@href,&apos;download&apos;)]]
element expression: [[ChromeDriver: chrome on XP (19b5296b615511911c859a430d67b641)] -&gt; id: signature]
</system-out>
  </testcase>
</testsuite>