<?xml version="1.0" encoding="UTF-8"?>
<testng-results skipped="0" failed="1" total="6" passed="5">
  <reporter-output>
    <line>
      <![CDATA[The application url is :- http://10.0.1.86/tatoc/]]>
    </line>
    <line>
      <![CDATA[The application url is :- http://10.0.1.86/tatoc/]]>
    </line>
    <line>
      <![CDATA[PASSED: PageTitle for Hover Menu - Advanced Course - T.A.T.O.C contains: 'Hover Menu'.]]>
    </line>
    <line>
      <![CDATA[PASSED: PageTitle for Query Gate - Advanced Course - T.A.T.O.C contains: 'Query Gate'.]]>
    </line>
    <line>
      <![CDATA[PASSED: PageTitle for Video Player - Advanced Course - T.A.T.O.C contains: 'Video Player'.]]>
    </line>
    <line>
      <![CDATA[PASSED: PageTitle for Restful - Advanced Course - T.A.T.O.C contains: 'Restful'.]]>
    </line>
    <line>
      <![CDATA[PASSED: PageTitle for File Handle - Advanced Course - T.A.T.O.C contains: 'File Handle'.]]>
    </line>
  </reporter-output>
  <suite name="Sample_Test_suite" duration-ms="26243" started-at="2018-09-05T13:20:10Z" finished-at="2018-09-05T13:20:36Z">
    <groups>
    </groups>
    <test name="TestSuite" duration-ms="26243" started-at="2018-09-05T13:20:10Z" finished-at="2018-09-05T13:20:36Z">
      <class name="com.qait.sakurai.automation.tests.TatocAdv_Test">
        <test-method status="PASS" signature="TestSessionInitiators()[pri:0, instance:com.qait.sakurai.automation.tests.TatocAdv_Test@3cbbc1e0]" name="TestSessionInitiators" is-config="true" duration-ms="84" started-at="2018-09-05T18:50:10Z" finished-at="2018-09-05T18:50:10Z">
          <reporter-output>
            <line>
              <![CDATA[The application url is :- http://10.0.1.86/tatoc/]]>
            </line>
          </reporter-output>
        </test-method> <!-- TestSessionInitiators -->
        <test-method status="PASS" signature="launchMyApplication()[pri:0, instance:com.qait.sakurai.automation.tests.TatocAdv_Test@3cbbc1e0]" name="launchMyApplication" is-config="true" duration-ms="5338" started-at="2018-09-05T18:50:10Z" finished-at="2018-09-05T18:50:15Z">
          <reporter-output>
            <line>
              <![CDATA[The application url is :- http://10.0.1.86/tatoc/]]>
            </line>
          </reporter-output>
        </test-method> <!-- launchMyApplication -->
        <test-method status="PASS" signature="logTestMethod(java.lang.reflect.Method)[pri:0, instance:com.qait.sakurai.automation.tests.TatocAdv_Test@3cbbc1e0]" name="logTestMethod" is-config="true" duration-ms="1" started-at="2018-09-05T18:50:15Z" finished-at="2018-09-05T18:50:15Z">
          <params>
            <param index="0">
              <value>
                <![CDATA[public void com.qait.sakurai.automation.tests.TatocAdv_Test.testClickOnAdvCourse()]]>
              </value>
            </param>
          </params>
          <reporter-output>
          </reporter-output>
        </test-method> <!-- logTestMethod -->
        <test-method status="PASS" signature="testClickOnAdvCourse()[pri:0, instance:com.qait.sakurai.automation.tests.TatocAdv_Test@3cbbc1e0]" name="testClickOnAdvCourse" duration-ms="302" started-at="2018-09-05T18:50:15Z" finished-at="2018-09-05T18:50:16Z">
          <reporter-output>
            <line>
              <![CDATA[PASSED: PageTitle for Hover Menu - Advanced Course - T.A.T.O.C contains: 'Hover Menu'.]]>
            </line>
          </reporter-output>
        </test-method> <!-- testClickOnAdvCourse -->
        <test-method status="PASS" signature="logTestMethod(java.lang.reflect.Method)[pri:0, instance:com.qait.sakurai.automation.tests.TatocAdv_Test@3cbbc1e0]" name="logTestMethod" is-config="true" duration-ms="1" started-at="2018-09-05T18:50:16Z" finished-at="2018-09-05T18:50:16Z">
          <params>
            <param index="0">
              <value>
                <![CDATA[public void com.qait.sakurai.automation.tests.TatocAdv_Test.testMoveToMenu2AndGoNext()]]>
              </value>
            </param>
          </params>
          <reporter-output>
          </reporter-output>
        </test-method> <!-- logTestMethod -->
        <test-method status="PASS" signature="testMoveToMenu2AndGoNext()[pri:0, instance:com.qait.sakurai.automation.tests.TatocAdv_Test@3cbbc1e0]" name="testMoveToMenu2AndGoNext" duration-ms="585" started-at="2018-09-05T18:50:16Z" finished-at="2018-09-05T18:50:16Z">
          <reporter-output>
            <line>
              <![CDATA[PASSED: PageTitle for Query Gate - Advanced Course - T.A.T.O.C contains: 'Query Gate'.]]>
            </line>
          </reporter-output>
        </test-method> <!-- testMoveToMenu2AndGoNext -->
        <test-method status="PASS" signature="testfetchCredentialsEnterAndProceed()[pri:0, instance:com.qait.sakurai.automation.tests.TatocAdv_Test@3cbbc1e0]" name="testfetchCredentialsEnterAndProceed" duration-ms="14490" started-at="2018-09-05T18:50:16Z" finished-at="2018-09-05T18:50:31Z">
          <reporter-output>
            <line>
              <![CDATA[PASSED: PageTitle for Video Player - Advanced Course - T.A.T.O.C contains: 'Video Player'.]]>
            </line>
          </reporter-output>
        </test-method> <!-- testfetchCredentialsEnterAndProceed -->
        <test-method status="PASS" signature="logTestMethod(java.lang.reflect.Method)[pri:0, instance:com.qait.sakurai.automation.tests.TatocAdv_Test@3cbbc1e0]" name="logTestMethod" is-config="true" duration-ms="0" started-at="2018-09-05T18:50:16Z" finished-at="2018-09-05T18:50:16Z">
          <params>
            <param index="0">
              <value>
                <![CDATA[public void com.qait.sakurai.automation.tests.TatocAdv_Test.testfetchCredentialsEnterAndProceed()]]>
              </value>
            </param>
          </params>
          <reporter-output>
          </reporter-output>
        </test-method> <!-- logTestMethod -->
        <test-method status="PASS" signature="logTestMethod(java.lang.reflect.Method)[pri:0, instance:com.qait.sakurai.automation.tests.TatocAdv_Test@3cbbc1e0]" name="logTestMethod" is-config="true" duration-ms="1" started-at="2018-09-05T18:50:31Z" finished-at="2018-09-05T18:50:31Z">
          <params>
            <param index="0">
              <value>
                <![CDATA[public void com.qait.sakurai.automation.tests.TatocAdv_Test.testSkipThePlayerPage()]]>
              </value>
            </param>
          </params>
          <reporter-output>
          </reporter-output>
        </test-method> <!-- logTestMethod -->
        <test-method status="PASS" signature="testSkipThePlayerPage()[pri:0, instance:com.qait.sakurai.automation.tests.TatocAdv_Test@3cbbc1e0]" name="testSkipThePlayerPage" duration-ms="186" started-at="2018-09-05T18:50:31Z" finished-at="2018-09-05T18:50:31Z">
          <reporter-output>
            <line>
              <![CDATA[PASSED: PageTitle for Restful - Advanced Course - T.A.T.O.C contains: 'Restful'.]]>
            </line>
          </reporter-output>
        </test-method> <!-- testSkipThePlayerPage -->
        <test-method status="PASS" signature="testGetSessionAndPostSignature()[pri:0, instance:com.qait.sakurai.automation.tests.TatocAdv_Test@3cbbc1e0]" name="testGetSessionAndPostSignature" duration-ms="738" started-at="2018-09-05T18:50:31Z" finished-at="2018-09-05T18:50:32Z">
          <reporter-output>
            <line>
              <![CDATA[PASSED: PageTitle for File Handle - Advanced Course - T.A.T.O.C contains: 'File Handle'.]]>
            </line>
          </reporter-output>
        </test-method> <!-- testGetSessionAndPostSignature -->
        <test-method status="PASS" signature="logTestMethod(java.lang.reflect.Method)[pri:0, instance:com.qait.sakurai.automation.tests.TatocAdv_Test@3cbbc1e0]" name="logTestMethod" is-config="true" duration-ms="0" started-at="2018-09-05T18:50:31Z" finished-at="2018-09-05T18:50:31Z">
          <params>
            <param index="0">
              <value>
                <![CDATA[public void com.qait.sakurai.automation.tests.TatocAdv_Test.testGetSessionAndPostSignature() throws org.apache.http.client.ClientProtocolException,java.io.IOException]]>
              </value>
            </param>
          </params>
          <reporter-output>
          </reporter-output>
        </test-method> <!-- logTestMethod -->
        <test-method status="FAIL" signature="testDownloadFileAndInputSign()[pri:0, instance:com.qait.sakurai.automation.tests.TatocAdv_Test@3cbbc1e0]" name="testDownloadFileAndInputSign" duration-ms="3242" started-at="2018-09-05T18:50:32Z" finished-at="2018-09-05T18:50:35Z">
          <exception class="org.openqa.selenium.WebDriverException">
            <message>
              <![CDATA[unknown error: keys should be a string
  (Session info: chrome=68.0.3440.106)
  (Driver info: chromedriver=2.40.565498 (ea082db3280dd6843ebfb08a625e3eb905c4f5ab),platform=Windows NT 10.0.17134 x86_64) (WARNING: The server did not provide any stacktrace information)
Command duration or timeout: 37 milliseconds
Build info: version: '2.52.0', revision: '4c2593cfc3689a7fcd7be52549167e5ccc93ad28', time: '2016-02-11 11:22:43'
System info: host: 'ASDW0135', ip: '10.0.24.20', os.name: 'Windows 10', os.arch: 'amd64', os.version: '10.0', java.version: '1.8.0_181'
Driver info: org.openqa.selenium.chrome.ChromeDriver
Capabilities [{applicationCacheEnabled=false, rotatable=false, mobileEmulationEnabled=false, networkConnectionEnabled=false, chrome={chromedriverVersion=2.40.565498 (ea082db3280dd6843ebfb08a625e3eb905c4f5ab), userDataDir=C:\WINDOWS\TEMP\scoped_dir2760_7258}, takesHeapSnapshot=true, pageLoadStrategy=normal, databaseEnabled=false, handlesAlerts=true, hasTouchScreen=false, version=68.0.3440.106, platform=XP, browserConnectionEnabled=false, nativeEvents=true, acceptSslCerts=false, acceptInsecureCerts=false, locationContextEnabled=true, webStorageEnabled=true, browserName=chrome, takesScreenshot=true, javascriptEnabled=true, cssSelectorsEnabled=true, setWindowRect=true, unexpectedAlertBehaviour=}]
Session ID: 19b5296b615511911c859a430d67b641]]>
            </message>
            <full-stacktrace>
              <![CDATA[org.openqa.selenium.WebDriverException: unknown error: keys should be a string
  (Session info: chrome=68.0.3440.106)
  (Driver info: chromedriver=2.40.565498 (ea082db3280dd6843ebfb08a625e3eb905c4f5ab),platform=Windows NT 10.0.17134 x86_64) (WARNING: The server did not provide any stacktrace information)
Command duration or timeout: 37 milliseconds
Build info: version: '2.52.0', revision: '4c2593cfc3689a7fcd7be52549167e5ccc93ad28', time: '2016-02-11 11:22:43'
System info: host: 'ASDW0135', ip: '10.0.24.20', os.name: 'Windows 10', os.arch: 'amd64', os.version: '10.0', java.version: '1.8.0_181'
Driver info: org.openqa.selenium.chrome.ChromeDriver
Capabilities [{applicationCacheEnabled=false, rotatable=false, mobileEmulationEnabled=false, networkConnectionEnabled=false, chrome={chromedriverVersion=2.40.565498 (ea082db3280dd6843ebfb08a625e3eb905c4f5ab), userDataDir=C:\WINDOWS\TEMP\scoped_dir2760_7258}, takesHeapSnapshot=true, pageLoadStrategy=normal, databaseEnabled=false, handlesAlerts=true, hasTouchScreen=false, version=68.0.3440.106, platform=XP, browserConnectionEnabled=false, nativeEvents=true, acceptSslCerts=false, acceptInsecureCerts=false, locationContextEnabled=true, webStorageEnabled=true, browserName=chrome, takesScreenshot=true, javascriptEnabled=true, cssSelectorsEnabled=true, setWindowRect=true, unexpectedAlertBehaviour=}]
Session ID: 19b5296b615511911c859a430d67b641
	at sun.reflect.NativeConstructorAccessorImpl.newInstance0(Native Method)
	at sun.reflect.NativeConstructorAccessorImpl.newInstance(NativeConstructorAccessorImpl.java:62)
	at sun.reflect.DelegatingConstructorAccessorImpl.newInstance(DelegatingConstructorAccessorImpl.java:45)
	at java.lang.reflect.Constructor.newInstance(Constructor.java:423)
	at org.openqa.selenium.remote.ErrorHandler.createThrowable(ErrorHandler.java:206)
	at org.openqa.selenium.remote.ErrorHandler.throwIfResponseFailed(ErrorHandler.java:158)
	at org.openqa.selenium.remote.RemoteWebDriver.execute(RemoteWebDriver.java:678)
	at org.openqa.selenium.remote.RemoteWebElement.execute(RemoteWebElement.java:327)
	at org.openqa.selenium.remote.RemoteWebElement.sendKeys(RemoteWebElement.java:122)
	at com.qait.sakurai.automation.keywords.TatocAdvActions.readFiledataAndEnterSignature(TatocAdvActions.java:66)
	at com.qait.sakurai.automation.tests.TatocAdv_Test.testDownloadFileAndInputSign(TatocAdv_Test.java:39)
	at sun.reflect.NativeMethodAccessorImpl.invoke0(Native Method)
	at sun.reflect.NativeMethodAccessorImpl.invoke(NativeMethodAccessorImpl.java:62)
	at sun.reflect.DelegatingMethodAccessorImpl.invoke(DelegatingMethodAccessorImpl.java:43)
	at java.lang.reflect.Method.invoke(Method.java:498)
	at org.testng.internal.MethodInvocationHelper.invokeMethod(MethodInvocationHelper.java:84)
	at org.testng.internal.Invoker.invokeMethod(Invoker.java:714)
	at org.testng.internal.Invoker.invokeTestMethod(Invoker.java:901)
	at org.testng.internal.Invoker.invokeTestMethods(Invoker.java:1231)
	at org.testng.internal.TestMethodWorker.invokeTestMethods(TestMethodWorker.java:127)
	at org.testng.internal.TestMethodWorker.run(TestMethodWorker.java:111)
	at org.testng.TestRunner.privateRun(TestRunner.java:767)
	at org.testng.TestRunner.run(TestRunner.java:617)
	at org.testng.SuiteRunner.runTest(SuiteRunner.java:334)
	at org.testng.SuiteRunner.access$000(SuiteRunner.java:37)
	at org.testng.SuiteRunner$SuiteWorker.run(SuiteRunner.java:368)
	at org.testng.internal.thread.ThreadUtil$2.call(ThreadUtil.java:64)
	at java.util.concurrent.FutureTask.run(FutureTask.java:266)
	at java.util.concurrent.ThreadPoolExecutor.runWorker(ThreadPoolExecutor.java:1149)
	at java.util.concurrent.ThreadPoolExecutor$Worker.run(ThreadPoolExecutor.java:624)
	at java.lang.Thread.run(Thread.java:748)
]]>
            </full-stacktrace>
          </exception> <!-- org.openqa.selenium.WebDriverException -->
          <reporter-output>
          </reporter-output>
        </test-method> <!-- testDownloadFileAndInputSign -->
        <test-method status="PASS" signature="logTestMethod(java.lang.reflect.Method)[pri:0, instance:com.qait.sakurai.automation.tests.TatocAdv_Test@3cbbc1e0]" name="logTestMethod" is-config="true" duration-ms="0" started-at="2018-09-05T18:50:32Z" finished-at="2018-09-05T18:50:32Z">
          <params>
            <param index="0">
              <value>
                <![CDATA[public void com.qait.sakurai.automation.tests.TatocAdv_Test.testDownloadFileAndInputSign() throws java.lang.InterruptedException]]>
              </value>
            </param>
          </params>
          <reporter-output>
          </reporter-output>
        </test-method> <!-- logTestMethod -->
        <test-method status="PASS" signature="stop_test_session()[pri:0, instance:com.qait.sakurai.automation.tests.TatocAdv_Test@3cbbc1e0]" name="stop_test_session" is-config="true" duration-ms="1330" started-at="2018-09-05T18:50:35Z" finished-at="2018-09-05T18:50:36Z">
          <reporter-output>
          </reporter-output>
        </test-method> <!-- stop_test_session -->
      </class> <!-- com.qait.sakurai.automation.tests.TatocAdv_Test -->
    </test> <!-- TestSuite -->
  </suite> <!-- Sample_Test_suite -->
</testng-results>
