<?xml version="1.0" encoding="UTF-8"?>
<testng-results skipped="0" failed="0" total="6" passed="6">
  <reporter-output>
    <line>
      <![CDATA[The application url is :- http://10.0.1.86/tatoc/]]>
    </line>
    <line>
      <![CDATA[The application url is :- http://10.0.1.86/tatoc/]]>
    </line>
    <line>
      <![CDATA[PASSED: PageTitle for Hover Menu - Advanced Course - T.A.T.O.C contains: 'Hover Menu'.]]>
    </line>
    <line>
      <![CDATA[PASSED: PageTitle for Query Gate - Advanced Course - T.A.T.O.C contains: 'Query Gate'.]]>
    </line>
    <line>
      <![CDATA[PASSED: PageTitle for Video Player - Advanced Course - T.A.T.O.C contains: 'Video Player'.]]>
    </line>
    <line>
      <![CDATA[PASSED: PageTitle for Restful - Advanced Course - T.A.T.O.C contains: 'Restful'.]]>
    </line>
    <line>
      <![CDATA[PASSED: PageTitle for File Handle - Advanced Course - T.A.T.O.C contains: 'File Handle'.]]>
    </line>
    <line>
      <![CDATA[PASSED: PageTitle for End - T.A.T.O.C contains: 'End'.]]>
    </line>
  </reporter-output>
  <suite name="Default suite" duration-ms="10513" started-at="2018-09-07T10:28:33Z" finished-at="2018-09-07T10:28:44Z">
    <groups>
    </groups>
    <test name="Default test" duration-ms="10513" started-at="2018-09-07T10:28:33Z" finished-at="2018-09-07T10:28:44Z">
      <class name="com.qait.sakurai.automation.tests.TatocAdv_Test">
        <test-method status="PASS" signature="TestSessionInitiators()[pri:0, instance:com.qait.sakurai.automation.tests.TatocAdv_Test@14bf9759]" name="TestSessionInitiators" is-config="true" duration-ms="122" started-at="2018-09-07T15:58:33Z" finished-at="2018-09-07T15:58:33Z">
          <reporter-output>
            <line>
              <![CDATA[The application url is :- http://10.0.1.86/tatoc/]]>
            </line>
          </reporter-output>
        </test-method> <!-- TestSessionInitiators -->
        <test-method status="PASS" signature="launchMyApplication()[pri:0, instance:com.qait.sakurai.automation.tests.TatocAdv_Test@14bf9759]" name="launchMyApplication" is-config="true" duration-ms="5606" started-at="2018-09-07T15:58:33Z" finished-at="2018-09-07T15:58:39Z">
          <reporter-output>
            <line>
              <![CDATA[The application url is :- http://10.0.1.86/tatoc/]]>
            </line>
          </reporter-output>
        </test-method> <!-- launchMyApplication -->
        <test-method status="PASS" signature="logTestMethod(java.lang.reflect.Method)[pri:0, instance:com.qait.sakurai.automation.tests.TatocAdv_Test@14bf9759]" name="logTestMethod" is-config="true" duration-ms="1" started-at="2018-09-07T15:58:39Z" finished-at="2018-09-07T15:58:39Z">
          <params>
            <param index="0">
              <value>
                <![CDATA[public void com.qait.sakurai.automation.tests.TatocAdv_Test.Test1_testClickOnAdvCourse()]]>
              </value>
            </param>
          </params>
          <reporter-output>
          </reporter-output>
        </test-method> <!-- logTestMethod -->
        <test-method status="PASS" signature="Test1_testClickOnAdvCourse()[pri:0, instance:com.qait.sakurai.automation.tests.TatocAdv_Test@14bf9759]" name="Test1_testClickOnAdvCourse" duration-ms="267" started-at="2018-09-07T15:58:39Z" finished-at="2018-09-07T15:58:39Z">
          <reporter-output>
            <line>
              <![CDATA[PASSED: PageTitle for Hover Menu - Advanced Course - T.A.T.O.C contains: 'Hover Menu'.]]>
            </line>
          </reporter-output>
        </test-method> <!-- Test1_testClickOnAdvCourse -->
        <test-method status="PASS" signature="Test2_testMoveToMenu2AndGoNext()[pri:0, instance:com.qait.sakurai.automation.tests.TatocAdv_Test@14bf9759]" name="Test2_testMoveToMenu2AndGoNext" duration-ms="260" started-at="2018-09-07T15:58:39Z" finished-at="2018-09-07T15:58:39Z">
          <reporter-output>
            <line>
              <![CDATA[PASSED: PageTitle for Query Gate - Advanced Course - T.A.T.O.C contains: 'Query Gate'.]]>
            </line>
          </reporter-output>
        </test-method> <!-- Test2_testMoveToMenu2AndGoNext -->
        <test-method status="PASS" signature="logTestMethod(java.lang.reflect.Method)[pri:0, instance:com.qait.sakurai.automation.tests.TatocAdv_Test@14bf9759]" name="logTestMethod" is-config="true" duration-ms="0" started-at="2018-09-07T15:58:39Z" finished-at="2018-09-07T15:58:39Z">
          <params>
            <param index="0">
              <value>
                <![CDATA[public void com.qait.sakurai.automation.tests.TatocAdv_Test.Test2_testMoveToMenu2AndGoNext()]]>
              </value>
            </param>
          </params>
          <reporter-output>
          </reporter-output>
        </test-method> <!-- logTestMethod -->
        <test-method status="PASS" signature="logTestMethod(java.lang.reflect.Method)[pri:0, instance:com.qait.sakurai.automation.tests.TatocAdv_Test@14bf9759]" name="logTestMethod" is-config="true" duration-ms="1" started-at="2018-09-07T15:58:39Z" finished-at="2018-09-07T15:58:39Z">
          <params>
            <param index="0">
              <value>
                <![CDATA[public void com.qait.sakurai.automation.tests.TatocAdv_Test.Test3_testfetchCredentialsEnterAndProceed()]]>
              </value>
            </param>
          </params>
          <reporter-output>
          </reporter-output>
        </test-method> <!-- logTestMethod -->
        <test-method status="PASS" signature="Test3_testfetchCredentialsEnterAndProceed()[pri:0, instance:com.qait.sakurai.automation.tests.TatocAdv_Test@14bf9759]" name="Test3_testfetchCredentialsEnterAndProceed" duration-ms="1326" started-at="2018-09-07T15:58:39Z" finished-at="2018-09-07T15:58:41Z">
          <reporter-output>
            <line>
              <![CDATA[PASSED: PageTitle for Video Player - Advanced Course - T.A.T.O.C contains: 'Video Player'.]]>
            </line>
          </reporter-output>
        </test-method> <!-- Test3_testfetchCredentialsEnterAndProceed -->
        <test-method status="PASS" signature="logTestMethod(java.lang.reflect.Method)[pri:0, instance:com.qait.sakurai.automation.tests.TatocAdv_Test@14bf9759]" name="logTestMethod" is-config="true" duration-ms="0" started-at="2018-09-07T15:58:41Z" finished-at="2018-09-07T15:58:41Z">
          <params>
            <param index="0">
              <value>
                <![CDATA[public void com.qait.sakurai.automation.tests.TatocAdv_Test.Test4_testSkipThePlayerPage()]]>
              </value>
            </param>
          </params>
          <reporter-output>
          </reporter-output>
        </test-method> <!-- logTestMethod -->
        <test-method status="PASS" signature="Test4_testSkipThePlayerPage()[pri:0, instance:com.qait.sakurai.automation.tests.TatocAdv_Test@14bf9759]" name="Test4_testSkipThePlayerPage" duration-ms="216" started-at="2018-09-07T15:58:41Z" finished-at="2018-09-07T15:58:41Z">
          <reporter-output>
            <line>
              <![CDATA[PASSED: PageTitle for Restful - Advanced Course - T.A.T.O.C contains: 'Restful'.]]>
            </line>
          </reporter-output>
        </test-method> <!-- Test4_testSkipThePlayerPage -->
        <test-method status="PASS" signature="logTestMethod(java.lang.reflect.Method)[pri:0, instance:com.qait.sakurai.automation.tests.TatocAdv_Test@14bf9759]" name="logTestMethod" is-config="true" duration-ms="0" started-at="2018-09-07T15:58:41Z" finished-at="2018-09-07T15:58:41Z">
          <params>
            <param index="0">
              <value>
                <![CDATA[public void com.qait.sakurai.automation.tests.TatocAdv_Test.Test5_testGetSessionAndPostSignature()]]>
              </value>
            </param>
          </params>
          <reporter-output>
          </reporter-output>
        </test-method> <!-- logTestMethod -->
        <test-method status="PASS" signature="Test5_testGetSessionAndPostSignature()[pri:0, instance:com.qait.sakurai.automation.tests.TatocAdv_Test@14bf9759]" name="Test5_testGetSessionAndPostSignature" duration-ms="720" started-at="2018-09-07T15:58:41Z" finished-at="2018-09-07T15:58:42Z">
          <reporter-output>
            <line>
              <![CDATA[PASSED: PageTitle for File Handle - Advanced Course - T.A.T.O.C contains: 'File Handle'.]]>
            </line>
          </reporter-output>
        </test-method> <!-- Test5_testGetSessionAndPostSignature -->
        <test-method status="PASS" signature="Test6_testDownloadFileAndInputSign()[pri:0, instance:com.qait.sakurai.automation.tests.TatocAdv_Test@14bf9759]" name="Test6_testDownloadFileAndInputSign" duration-ms="963" started-at="2018-09-07T15:58:42Z" finished-at="2018-09-07T15:58:43Z">
          <reporter-output>
            <line>
              <![CDATA[PASSED: PageTitle for End - T.A.T.O.C contains: 'End'.]]>
            </line>
          </reporter-output>
        </test-method> <!-- Test6_testDownloadFileAndInputSign -->
        <test-method status="PASS" signature="logTestMethod(java.lang.reflect.Method)[pri:0, instance:com.qait.sakurai.automation.tests.TatocAdv_Test@14bf9759]" name="logTestMethod" is-config="true" duration-ms="0" started-at="2018-09-07T15:58:42Z" finished-at="2018-09-07T15:58:42Z">
          <params>
            <param index="0">
              <value>
                <![CDATA[public void com.qait.sakurai.automation.tests.TatocAdv_Test.Test6_testDownloadFileAndInputSign()]]>
              </value>
            </param>
          </params>
          <reporter-output>
          </reporter-output>
        </test-method> <!-- logTestMethod -->
        <test-method status="PASS" signature="stop_test_session()[pri:0, instance:com.qait.sakurai.automation.tests.TatocAdv_Test@14bf9759]" name="stop_test_session" is-config="true" duration-ms="1136" started-at="2018-09-07T15:58:43Z" finished-at="2018-09-07T15:58:44Z">
          <reporter-output>
          </reporter-output>
        </test-method> <!-- stop_test_session -->
      </class> <!-- com.qait.sakurai.automation.tests.TatocAdv_Test -->
    </test> <!-- Default test -->
  </suite> <!-- Default suite -->
</testng-results>
