<?xml version="1.0" encoding="UTF-8"?>
<testng-results skipped="0" failed="1" total="1" passed="0">
  <reporter-output>
  </reporter-output>
  <suite name="com.qait.automation.report.ResultsIT" duration-ms="132" started-at="2018-09-05T13:20:41Z" finished-at="2018-09-05T13:20:41Z">
    <groups>
    </groups>
    <test name="Command line test" duration-ms="132" started-at="2018-09-05T13:20:41Z" finished-at="2018-09-05T13:20:41Z">
      <class name="com.qait.automation.report.ResultsIT">
        <test-method status="FAIL" signature="sendResultsMail()[pri:0, instance:com.qait.automation.report.ResultsIT@737996a0]" name="sendResultsMail" duration-ms="116" started-at="2018-09-05T18:50:41Z" finished-at="2018-09-05T18:50:41Z">
          <exception class="java.lang.NullPointerException">
            <full-stacktrace>
              <![CDATA[java.lang.NullPointerException
	at com.qait.automation.utils.YamlReader.parseMap(YamlReader.java:107)
	at com.qait.automation.utils.YamlReader.parseMap(YamlReader.java:107)
	at com.qait.automation.utils.YamlReader.getYamlValues(YamlReader.java:86)
	at com.qait.automation.report.ResultsIT.setMailRecipient(ResultsIT.java:160)
	at com.qait.automation.report.ResultsIT.sendResultsMail(ResultsIT.java:70)
	at sun.reflect.NativeMethodAccessorImpl.invoke0(Native Method)
	at sun.reflect.NativeMethodAccessorImpl.invoke(NativeMethodAccessorImpl.java:62)
	at sun.reflect.DelegatingMethodAccessorImpl.invoke(DelegatingMethodAccessorImpl.java:43)
	at java.lang.reflect.Method.invoke(Method.java:498)
	at org.testng.internal.MethodInvocationHelper.invokeMethod(MethodInvocationHelper.java:84)
	at org.testng.internal.Invoker.invokeMethod(Invoker.java:714)
	at org.testng.internal.Invoker.invokeTestMethod(Invoker.java:901)
	at org.testng.internal.Invoker.invokeTestMethods(Invoker.java:1231)
	at org.testng.internal.TestMethodWorker.invokeTestMethods(TestMethodWorker.java:127)
	at org.testng.internal.TestMethodWorker.run(TestMethodWorker.java:111)
	at org.testng.TestRunner.privateRun(TestRunner.java:767)
	at org.testng.TestRunner.run(TestRunner.java:617)
	at org.testng.SuiteRunner.runTest(SuiteRunner.java:334)
	at org.testng.SuiteRunner.runSequentially(SuiteRunner.java:329)
	at org.testng.SuiteRunner.privateRun(SuiteRunner.java:291)
	at org.testng.SuiteRunner.run(SuiteRunner.java:240)
	at org.testng.SuiteRunnerWorker.runSuite(SuiteRunnerWorker.java:52)
	at org.testng.SuiteRunnerWorker.run(SuiteRunnerWorker.java:86)
	at org.testng.TestNG.runSuitesSequentially(TestNG.java:1224)
	at org.testng.TestNG.runSuitesLocally(TestNG.java:1149)
	at org.testng.TestNG.run(TestNG.java:1057)
	at org.apache.maven.surefire.testng.TestNGExecutor.run(TestNGExecutor.java:70)
	at org.apache.maven.surefire.testng.TestNGDirectoryTestSuite.execute(TestNGDirectoryTestSuite.java:111)
	at org.apache.maven.surefire.testng.TestNGProvider.invoke(TestNGProvider.java:115)
	at sun.reflect.NativeMethodAccessorImpl.invoke0(Native Method)
	at sun.reflect.NativeMethodAccessorImpl.invoke(NativeMethodAccessorImpl.java:62)
	at sun.reflect.DelegatingMethodAccessorImpl.invoke(DelegatingMethodAccessorImpl.java:43)
	at java.lang.reflect.Method.invoke(Method.java:498)
	at org.apache.maven.surefire.util.ReflectionUtils.invokeMethodWithArray(ReflectionUtils.java:188)
	at org.apache.maven.surefire.booter.ProviderFactory$ProviderProxy.invoke(ProviderFactory.java:166)
	at org.apache.maven.surefire.booter.ProviderFactory.invokeProvider(ProviderFactory.java:86)
	at org.apache.maven.surefire.booter.ForkedBooter.runSuitesInProcess(ForkedBooter.java:101)
	at org.apache.maven.surefire.booter.ForkedBooter.main(ForkedBooter.java:74)
]]>
            </full-stacktrace>
          </exception> <!-- java.lang.NullPointerException -->
          <reporter-output>
          </reporter-output>
        </test-method> <!-- sendResultsMail -->
        <test-method status="PASS" signature="setupMailConfig()[pri:0, instance:com.qait.automation.report.ResultsIT@737996a0]" name="setupMailConfig" is-config="true" duration-ms="0" started-at="2018-09-05T18:50:41Z" finished-at="2018-09-05T18:50:41Z">
          <reporter-output>
          </reporter-output>
        </test-method> <!-- setupMailConfig -->
      </class> <!-- com.qait.automation.report.ResultsIT -->
    </test> <!-- Command line test -->
  </suite> <!-- com.qait.automation.report.ResultsIT -->
</testng-results>
