<?xml version="1.0" encoding="UTF-8"?>
<!-- Generated by org.testng.reporters.JUnitXMLReporter -->
<testsuite hostname="ASDW0135" name="TestSuite" tests="6" failures="0" timestamp="7 Sep 2018 09:26:40 GMT" time="11.752" errors="0">
  <testcase name="Test1_testClickOnAdvCourse" time="0.269" classname="com.qait.sakurai.automation.tests.TatocAdv_Test"/>
  <testcase name="Test2_testMoveToMenu2AndGoNext" time="0.276" classname="com.qait.sakurai.automation.tests.TatocAdv_Test"/>
  <testcase name="Test3_testfetchCredentialsEnterAndProceed" time="1.644" classname="com.qait.sakurai.automation.tests.TatocAdv_Test"/>
  <testcase name="Test4_testSkipThePlayerPage" time="0.319" classname="com.qait.sakurai.automation.tests.TatocAdv_Test"/>
  <testcase name="Test5_testGetSessionAndPostSignature" time="0.833" classname="com.qait.sakurai.automation.tests.TatocAdv_Test"/>
  <testcase name="Test6_testDownloadFileAndInputSign" time="0.836" classname="com.qait.sakurai.automation.tests.TatocAdv_Test"/>
</testsuite> <!-- TestSuite -->
