<?xml version="1.0" encoding="UTF-8"?>
<!-- Generated by org.testng.reporters.JUnitXMLReporter -->
<testsuite hostname="ASDW0135" name="TestSuite" tests="6" failures="0" timestamp="5 Sep 2018 13:19:38 GMT" time="13.926" errors="0">
  <testcase name="testClickOnAdvCourse" time="0.226" classname="com.qait.sakurai.automation.tests.TatocAdv_Test"/>
  <testcase name="testMoveToMenu2AndGoNext" time="0.231" classname="com.qait.sakurai.automation.tests.TatocAdv_Test"/>
  <testcase name="testfetchCredentialsEnterAndProceed" time="1.286" classname="com.qait.sakurai.automation.tests.TatocAdv_Test"/>
  <testcase name="testSkipThePlayerPage" time="0.19" classname="com.qait.sakurai.automation.tests.TatocAdv_Test"/>
  <testcase name="testGetSessionAndPostSignature" time="0.795" classname="com.qait.sakurai.automation.tests.TatocAdv_Test"/>
  <testcase name="testDownloadFileAndInputSign" time="3.548" classname="com.qait.sakurai.automation.tests.TatocAdv_Test"/>
</testsuite> <!-- TestSuite -->
